INFO 2025-05-07 08:43:44,909 basehttp 10056 36448 "OPTIONS /user/login/ HTTP/1.1" 200 0
INFO 2025-05-07 08:43:46,917 views 10056 4932 authenticated in 1
INFO 2025-05-07 08:43:46,920 basehttp 10056 4932 "POST /user/login/ HTTP/1.1" 200 1044
INFO 2025-05-07 08:43:47,118 basehttp 10056 36448 "OPTIONS /sample/notifications/1658eb8e-405d-49d8-a139-302dc9757b64/ HTTP/1.1" 200 0
INFO 2025-05-07 08:43:47,133 basehttp 10056 4932 "GET /sample/notifications/1658eb8e-405d-49d8-a139-302dc9757b64/ HTTP/1.1" 200 2
INFO 2025-05-07 08:43:47,141 basehttp 10056 36448 "OPTIONS /sample/get-sample-counts-for-facility/1658eb8e-405d-49d8-a139-302dc9757b64/ HTTP/1.1" 200 0
INFO 2025-05-07 08:43:47,148 basehttp 10056 36448 "OPTIONS /sample/get-referrals/1658eb8e-405d-49d8-a139-302dc9757b64/?search=&page_size=5&cursor=&sent=true HTTP/1.1" 200 0
INFO 2025-05-07 08:43:47,177 basehttp 10056 4932 "GET /sample/get-sample-counts-for-facility/1658eb8e-405d-49d8-a139-302dc9757b64/ HTTP/1.1" 200 163
INFO 2025-05-07 08:43:47,178 views 10056 15392 Referral list view | User ID: 1 | Facility ID: 1658eb8e-405d-49d8-a139-302dc9757b64 | Params: received=False, sent=True, status=None, from=None, to=None, search=, is_archived=False, drafts=None
DEBUG 2025-05-07 08:43:47,181 views 10056 15392 Applying 'sent' filter | Facility ID: 1658eb8e-405d-49d8-a139-302dc9757b64
INFO 2025-05-07 08:43:47,184 views 10056 15392 Referral queryset prepared | User ID: 1 | Facility ID: 1658eb8e-405d-49d8-a139-302dc9757b64 | Queryset count: 0
INFO 2025-05-07 08:43:47,189 basehttp 10056 15392 "GET /sample/get-referrals/1658eb8e-405d-49d8-a139-302dc9757b64/?search=&page_size=5&cursor=&sent=true HTTP/1.1" 200 42
INFO 2025-05-07 08:44:40,920 basehttp 10056 36448 "OPTIONS /laboratory/branch/all/?gps_coordinates=7.532095801115588,+-2.06780929912388 HTTP/1.1" 200 0
INFO 2025-05-07 08:44:40,957 basehttp 10056 4932 "GET /laboratory/branch/all/?gps_coordinates=7.532095801115588,+-2.06780929912388 HTTP/1.1" 200 682
INFO 2025-05-07 08:45:04,425 basehttp 10056 18496 "GET /admin/v1/manager/labconnect/ HTTP/1.1" 200 35783
INFO 2025-05-07 08:45:05,156 basehttp 10056 20456 "GET /static/admin/css/dashboard.css HTTP/1.1" 200 441
INFO 2025-05-07 08:45:05,250 basehttp 10056 35488 "GET /static/admin/css/dark_mode.css HTTP/1.1" 200 2804
INFO 2025-05-07 08:45:05,262 basehttp 10056 20456 "GET /static/admin/css/responsive.css HTTP/1.1" 200 17972
INFO 2025-05-07 08:45:05,364 basehttp 10056 16512 "GET /static/admin/js/theme.js HTTP/1.1" 200 1653
INFO 2025-05-07 08:45:05,372 basehttp 10056 18496 "GET /static/admin/css/base.css HTTP/1.1" 200 22092
INFO 2025-05-07 08:45:05,394 basehttp 10056 41044 "GET /static/admin/css/nav_sidebar.css HTTP/1.1" 200 2810
INFO 2025-05-07 08:45:05,420 basehttp 10056 16676 "GET /static/admin/js/nav_sidebar.js HTTP/1.1" 200 3063
INFO 2025-05-07 08:45:05,512 basehttp 10056 35488 "GET /static/admin/img/icon-deletelink.svg HTTP/1.1" 200 392
INFO 2025-05-07 08:45:05,513 basehttp 10056 16676 "GET /static/admin/img/icon-changelink.svg HTTP/1.1" 200 380
INFO 2025-05-07 08:45:05,516 basehttp 10056 20456 "GET /static/admin/img/icon-addlink.svg HTTP/1.1" 200 331
INFO 2025-05-07 08:45:05,541 basehttp 10056 41044 "GET /static/admin/img/icon-viewlink.svg HTTP/1.1" 200 581
INFO 2025-05-07 08:45:13,298 basehttp 10056 18496 "GET /admin/v1/manager/labconnect/user/client/ HTTP/1.1" 200 36541
INFO 2025-05-07 08:45:13,390 basehttp 10056 16676 "GET /static/admin/css/forms.css HTTP/1.1" 200 8794
INFO 2025-05-07 08:45:13,404 basehttp 10056 20456 "GET /static/admin/css/changelists.css HTTP/1.1" 200 6878
INFO 2025-05-07 08:45:13,506 basehttp 10056 16512 "GET /static/admin/js/jquery.init.js HTTP/1.1" 200 347
INFO 2025-05-07 08:45:13,523 basehttp 10056 18496 "GET /static/admin/js/core.js HTTP/1.1" 200 6208
INFO 2025-05-07 08:45:13,673 basehttp 10056 20456 "GET /static/admin/js/actions.js HTTP/1.1" 200 8076
INFO 2025-05-07 08:45:13,680 basehttp 10056 18496 "GET /static/admin/js/prepopulate.js HTTP/1.1" 200 1531
INFO 2025-05-07 08:45:13,690 basehttp 10056 16512 "GET /static/admin/js/urlify.js HTTP/1.1" 200 7887
INFO 2025-05-07 08:45:13,845 basehttp 10056 18496 "GET /static/admin/js/filters.js HTTP/1.1" 200 978
INFO 2025-05-07 08:45:13,907 basehttp 10056 16512 "GET /static/admin/css/widgets.css HTTP/1.1" 200 11564
INFO 2025-05-07 08:45:13,926 basehttp 10056 41044 "GET /admin/v1/manager/labconnect/jsi18n/ HTTP/1.1" 200 3342
INFO 2025-05-07 08:45:13,946 basehttp 10056 16676 "GET /static/admin/js/admin/RelatedObjectLookups.js HTTP/1.1" 200 9097
INFO 2025-05-07 08:45:14,226 basehttp 10056 35488 "GET /static/admin/js/vendor/jquery/jquery.js HTTP/1.1" 200 285314
INFO 2025-05-07 08:45:14,236 basehttp 10056 20456 "GET /static/admin/js/vendor/xregexp/xregexp.js HTTP/1.1" 200 325171
INFO 2025-05-07 08:45:14,245 basehttp 10056 35488 "GET /static/admin/img/search.svg HTTP/1.1" 200 458
INFO 2025-05-07 08:45:14,286 basehttp 10056 20456 "GET /static/admin/img/tooltag-add.svg HTTP/1.1" 200 331
INFO 2025-05-07 08:45:14,403 basehttp 10056 35488 "GET /static/admin/img/sorting-icons.svg HTTP/1.1" 200 1097
INFO 2025-05-07 08:45:24,923 basehttp 10056 20456 "GET /admin/v1/manager/labconnect/labs/laboratory/ HTTP/1.1" 200 32495
INFO 2025-05-07 08:45:24,962 basehttp 10056 20456 "GET /admin/v1/manager/labconnect/jsi18n/ HTTP/1.1" 200 3342
INFO 2025-05-07 08:45:31,248 basehttp 10056 36448 "OPTIONS /user/logout/ HTTP/1.1" 200 0
INFO 2025-05-07 08:45:31,370 basehttp 10056 4932 "POST /user/logout/ HTTP/1.1" 200 29
INFO 2025-05-07 08:45:39,114 views 10056 4932 authenticated in 3
INFO 2025-05-07 08:45:39,118 basehttp 10056 4932 "POST /user/login/ HTTP/1.1" 200 2154
INFO 2025-05-07 08:45:39,233 basehttp 10056 36448 "OPTIONS /sample/notifications/be562fba-ecfb-48a0-b9b5-501db71ad8d4/ HTTP/1.1" 200 0
INFO 2025-05-07 08:45:39,238 basehttp 10056 36448 "OPTIONS /sample/get-sample-counts-for-facility/be562fba-ecfb-48a0-b9b5-501db71ad8d4/ HTTP/1.1" 200 0
INFO 2025-05-07 08:45:39,267 basehttp 10056 27004 "OPTIONS /sample/get-referrals/be562fba-ecfb-48a0-b9b5-501db71ad8d4/?status=All&search=&page_size=5&sent=true HTTP/1.1" 200 0
INFO 2025-05-07 08:45:39,273 basehttp 10056 15392 "GET /sample/notifications/be562fba-ecfb-48a0-b9b5-501db71ad8d4/ HTTP/1.1" 200 2
INFO 2025-05-07 08:45:39,286 basehttp 10056 4932 "GET /sample/get-sample-counts-for-facility/be562fba-ecfb-48a0-b9b5-501db71ad8d4/ HTTP/1.1" 200 165
INFO 2025-05-07 08:45:39,375 views 10056 8628 Referral list view | User ID: 3 | Facility ID: be562fba-ecfb-48a0-b9b5-501db71ad8d4 | Params: received=False, sent=True, status=All, from=None, to=None, search=, is_archived=False, drafts=None
DEBUG 2025-05-07 08:45:39,396 views 10056 8628 Applying 'sent' filter | Facility ID: be562fba-ecfb-48a0-b9b5-501db71ad8d4
INFO 2025-05-07 08:45:39,401 views 10056 8628 Referral queryset prepared | User ID: 3 | Facility ID: be562fba-ecfb-48a0-b9b5-501db71ad8d4 | Queryset count: 2
INFO 2025-05-07 08:45:39,590 basehttp 10056 8628 "GET /sample/get-referrals/be562fba-ecfb-48a0-b9b5-501db71ad8d4/?status=All&search=&page_size=5&sent=true HTTP/1.1" 200 3512
INFO 2025-05-07 08:46:08,470 basehttp 10056 36448 "OPTIONS /transactions/fetch-banks-list/?type=mobile_money HTTP/1.1" 200 0
INFO 2025-05-07 08:46:08,501 basehttp 10056 8628 "GET /transactions/fetch-banks-list/?type=mobile_money HTTP/1.1" 200 3598
INFO 2025-05-07 08:47:12,412 basehttp 10056 27004 "GET /transactions/verify-account/?bank_code=VOD&account_number=233203051134 HTTP/1.1" 200 98
INFO 2025-05-07 08:47:14,152 basehttp 10056 27004 "OPTIONS /laboratory/create-branch/ HTTP/1.1" 200 0
WARNING 2025-05-07 08:47:14,159 basehttp 10056 8628 "POST /laboratory/create-branch/ HTTP/1.1" 415 68
WARNING 2025-05-07 08:47:26,891 basehttp 10056 8628 "POST /laboratory/create-branch/ HTTP/1.1" 415 68
INFO 2025-05-07 08:48:24,726 basehttp 10056 27004 "OPTIONS /laboratory/test/list/be562fba-ecfb-48a0-b9b5-501db71ad8d4/?test_status=Active&search=&page_size=5 HTTP/1.1" 200 0
INFO 2025-05-07 08:48:24,733 basehttp 10056 29956 "OPTIONS /utils/list-test-templates/ HTTP/1.1" 200 0
INFO 2025-05-07 08:48:25,526 basehttp 10056 5368 "GET /laboratory/test/list/be562fba-ecfb-48a0-b9b5-501db71ad8d4/?test_status=Active&search=&page_size=5 HTTP/1.1" 200 1666
INFO 2025-05-07 08:48:25,676 basehttp 10056 8628 "GET /utils/list-test-templates/ HTTP/1.1" 200 76525
INFO 2025-05-07 08:48:31,898 basehttp 10056 27004 "OPTIONS /laboratory/get-test/sample-type/c9971282-5da1-49f1-aa8f-66fa69076dc4/ HTTP/1.1" 200 0
INFO 2025-05-07 08:48:31,920 basehttp 10056 8628 "GET /laboratory/get-test/sample-type/c9971282-5da1-49f1-aa8f-66fa69076dc4/ HTTP/1.1" 200 1443
INFO 2025-05-07 08:48:37,833 basehttp 10056 27004 "OPTIONS /laboratory/test/update/da30e45d-d447-4420-a340-5f054562f0d8/ HTTP/1.1" 200 0
INFO 2025-05-07 08:48:37,839 views 10056 8628 User ID: 3 updating Test ID: da30e45d-d447-4420-a340-5f054562f0d8 | Update data: {'branch': ['be562fba-ecfb-48a0-b9b5-501db71ad8d4'], 'test_code': 'W2MYV-25-05', 'name': 'Aspirate For Gram Staining', 'turn_around_time': '4 Hours', 'patient_preparation': 'Follow standard pre-test instructions provided by the lab.', 'price': 70, 'sample_type': [{'label': 'Aspirate: Aspirate For Gram Staining', 'value': '4'}], 'sample_type_ids': [4]}
WARNING 2025-05-07 08:48:37,863 basehttp 10056 8628 "PATCH /laboratory/test/update/da30e45d-d447-4420-a340-5f054562f0d8/ HTTP/1.1" 400 110
INFO 2025-05-07 08:48:43,771 views 10056 8628 User ID: 3 updating Test ID: da30e45d-d447-4420-a340-5f054562f0d8 | Update data: {'branch': ['be562fba-ecfb-48a0-b9b5-501db71ad8d4'], 'test_code': 'W2MYV-25-05', 'name': 'Aspirate For Gram Staining', 'turn_around_time': '4 Hours', 'patient_preparation': 'Follow standard pre-test instructions provided by the lab.', 'price': 70, 'sample_type': [{'label': 'Aspirate: Aspirate For Gram Staining', 'value': '4'}], 'sample_type_ids': [4]}
WARNING 2025-05-07 08:48:43,789 basehttp 10056 8628 "PATCH /laboratory/test/update/da30e45d-d447-4420-a340-5f054562f0d8/ HTTP/1.1" 400 110
INFO 2025-05-07 08:49:14,719 basehttp 10056 27004 "OPTIONS /laboratory/branch/all/?level=Basic&gps_coordinates=7.532050749538008,+-2.067809299126229 HTTP/1.1" 200 0
INFO 2025-05-07 08:49:14,748 basehttp 10056 8628 "GET /laboratory/branch/all/?level=Basic&gps_coordinates=7.532050749538008,+-2.067809299126229 HTTP/1.1" 200 682
INFO 2025-05-07 08:49:31,691 basehttp 10056 27004 "OPTIONS /laboratory/branch/all/?gps_coordinates=7.532050749538008,+-2.067809299126229 HTTP/1.1" 200 0
INFO 2025-05-07 08:49:31,712 basehttp 10056 8628 "GET /laboratory/branch/all/?gps_coordinates=7.532050749538008,+-2.067809299126229 HTTP/1.1" 200 682
INFO 2025-05-07 08:49:34,164 basehttp 10056 27004 "OPTIONS /sample/get-referrals/be562fba-ecfb-48a0-b9b5-501db71ad8d4/?is_archived=true&search=&page_size=5&sent=true HTTP/1.1" 200 0
INFO 2025-05-07 08:49:34,174 views 10056 8628 Referral list view | User ID: 3 | Facility ID: be562fba-ecfb-48a0-b9b5-501db71ad8d4 | Params: received=False, sent=True, status=None, from=None, to=None, search=, is_archived=True, drafts=None
DEBUG 2025-05-07 08:49:34,174 views 10056 8628 Applying 'sent' filter | Facility ID: be562fba-ecfb-48a0-b9b5-501db71ad8d4
DEBUG 2025-05-07 08:49:34,175 views 10056 8628 Applying 'archived' filter | Facility ID: be562fba-ecfb-48a0-b9b5-501db71ad8d4
INFO 2025-05-07 08:49:34,178 views 10056 8628 Referral queryset prepared | User ID: 3 | Facility ID: be562fba-ecfb-48a0-b9b5-501db71ad8d4 | Queryset count: 0
INFO 2025-05-07 08:49:34,198 basehttp 10056 8628 "GET /sample/get-referrals/be562fba-ecfb-48a0-b9b5-501db71ad8d4/?is_archived=true&search=&page_size=5&sent=true HTTP/1.1" 200 42
INFO 2025-05-07 08:49:36,216 basehttp 10056 27004 "OPTIONS /sample/get-referrals/be562fba-ecfb-48a0-b9b5-501db71ad8d4/?status=All&search=&page_size=5&received=true&is_archived=true HTTP/1.1" 200 0
INFO 2025-05-07 08:49:36,225 views 10056 8628 Referral list view | User ID: 3 | Facility ID: be562fba-ecfb-48a0-b9b5-501db71ad8d4 | Params: received=True, sent=False, status=All, from=None, to=None, search=, is_archived=True, drafts=None
DEBUG 2025-05-07 08:49:36,225 views 10056 8628 Applying 'received' filter | Facility ID: be562fba-ecfb-48a0-b9b5-501db71ad8d4
DEBUG 2025-05-07 08:49:36,226 views 10056 8628 Applying 'archived' filter | Facility ID: be562fba-ecfb-48a0-b9b5-501db71ad8d4
INFO 2025-05-07 08:49:36,230 views 10056 8628 Referral queryset prepared | User ID: 3 | Facility ID: be562fba-ecfb-48a0-b9b5-501db71ad8d4 | Queryset count: 0
INFO 2025-05-07 08:49:36,235 basehttp 10056 8628 "GET /sample/get-referrals/be562fba-ecfb-48a0-b9b5-501db71ad8d4/?status=All&search=&page_size=5&received=true&is_archived=true HTTP/1.1" 200 42
INFO 2025-05-07 08:49:59,134 basehttp 10056 27004 "OPTIONS /sample/get-referrals/be562fba-ecfb-48a0-b9b5-501db71ad8d4/?status=All&search=&page_size=5&received=true HTTP/1.1" 200 0
INFO 2025-05-07 08:49:59,140 views 10056 8628 Referral list view | User ID: 3 | Facility ID: be562fba-ecfb-48a0-b9b5-501db71ad8d4 | Params: received=True, sent=False, status=All, from=None, to=None, search=, is_archived=False, drafts=None
DEBUG 2025-05-07 08:49:59,141 views 10056 8628 Applying 'received' filter | Facility ID: be562fba-ecfb-48a0-b9b5-501db71ad8d4
INFO 2025-05-07 08:49:59,144 views 10056 8628 Referral queryset prepared | User ID: 3 | Facility ID: be562fba-ecfb-48a0-b9b5-501db71ad8d4 | Queryset count: 0
INFO 2025-05-07 08:49:59,152 basehttp 10056 8628 "GET /sample/get-referrals/be562fba-ecfb-48a0-b9b5-501db71ad8d4/?status=All&search=&page_size=5&received=true HTTP/1.1" 200 42
INFO 2025-05-07 09:21:21,770 basehttp 10056 33264 "GET /sample/notifications/be562fba-ecfb-48a0-b9b5-501db71ad8d4/ HTTP/1.1" 200 2
INFO 2025-05-07 09:31:37,122 basehttp 10056 21424 "GET /sample/notifications/be562fba-ecfb-48a0-b9b5-501db71ad8d4/ HTTP/1.1" 200 2
INFO 2025-05-07 09:31:54,104 autoreload 10056 16636 C:\Users\hashi\Desktop\tim\labconnect\labs\views.py changed, reloading.
INFO 2025-05-07 09:32:12,939 autoreload 16632 39856 Watching for file changes with StatReloader
INFO 2025-05-07 09:32:28,061 autoreload 16632 39856 C:\Users\hashi\Desktop\tim\labconnect\labs\views.py changed, reloading.
INFO 2025-05-07 09:32:30,099 autoreload 21928 30508 Watching for file changes with StatReloader
INFO 2025-05-07 09:41:40,626 basehttp 21928 36100 "GET /sample/notifications/be562fba-ecfb-48a0-b9b5-501db71ad8d4/ HTTP/1.1" 200 2
INFO 2025-05-07 10:21:15,364 views 21928 11416 Hero 3 renewed their aegis (token refreshed) successfully.
INFO 2025-05-07 10:21:15,364 views 21928 30660 Hero 3 renewed their aegis (token refreshed) successfully.
INFO 2025-05-07 10:21:18,247 basehttp 21928 11416 "GET /user/refresh/token/ HTTP/1.1" 200 2154
INFO 2025-05-07 10:21:18,250 basehttp 21928 30660 "GET /user/refresh/token/ HTTP/1.1" 200 2154
INFO 2025-05-07 10:21:18,898 basehttp 21928 11416 "GET /sample/notifications/be562fba-ecfb-48a0-b9b5-501db71ad8d4/ HTTP/1.1" 200 2
INFO 2025-05-07 10:21:18,910 views 21928 14632 Referral list view | User ID: 3 | Facility ID: be562fba-ecfb-48a0-b9b5-501db71ad8d4 | Params: received=True, sent=False, status=All, from=None, to=None, search=, is_archived=False, drafts=None
DEBUG 2025-05-07 10:21:18,915 views 21928 14632 Applying 'received' filter | Facility ID: be562fba-ecfb-48a0-b9b5-501db71ad8d4
INFO 2025-05-07 10:21:19,089 views 21928 14632 Referral queryset prepared | User ID: 3 | Facility ID: be562fba-ecfb-48a0-b9b5-501db71ad8d4 | Queryset count: 0
INFO 2025-05-07 10:21:19,100 basehttp 21928 14632 "GET /sample/get-referrals/be562fba-ecfb-48a0-b9b5-501db71ad8d4/?status=All&search=&page_size=5&received=true HTTP/1.1" 200 42
INFO 2025-05-07 10:21:19,211 basehttp 21928 30660 "GET /sample/get-sample-counts-for-facility/be562fba-ecfb-48a0-b9b5-501db71ad8d4/ HTTP/1.1" 200 165
INFO 2025-05-07 10:26:18,973 basehttp 21928 24084 "GET /sample/notifications/be562fba-ecfb-48a0-b9b5-501db71ad8d4/ HTTP/1.1" 200 2
INFO 2025-05-07 10:31:19,014 basehttp 21928 18908 "GET /sample/notifications/be562fba-ecfb-48a0-b9b5-501db71ad8d4/ HTTP/1.1" 200 2
INFO 2025-05-07 10:36:19,342 basehttp 21928 31148 "GET /sample/notifications/be562fba-ecfb-48a0-b9b5-501db71ad8d4/ HTTP/1.1" 200 2
INFO 2025-05-07 14:53:15,474 views 21928 16156 Referral list view | User ID: 3 | Facility ID: be562fba-ecfb-48a0-b9b5-501db71ad8d4 | Params: received=True, sent=False, status=All, from=None, to=None, search=, is_archived=False, drafts=None
DEBUG 2025-05-07 14:53:15,474 views 21928 16156 Applying 'received' filter | Facility ID: be562fba-ecfb-48a0-b9b5-501db71ad8d4
INFO 2025-05-07 14:53:15,545 basehttp 21928 34936 "GET /sample/notifications/be562fba-ecfb-48a0-b9b5-501db71ad8d4/ HTTP/1.1" 200 2
INFO 2025-05-07 14:53:15,793 basehttp 21928 29856 "GET /sample/get-sample-counts-for-facility/be562fba-ecfb-48a0-b9b5-501db71ad8d4/ HTTP/1.1" 200 165
INFO 2025-05-07 14:53:15,975 views 21928 16156 Referral queryset prepared | User ID: 3 | Facility ID: be562fba-ecfb-48a0-b9b5-501db71ad8d4 | Queryset count: 0
INFO 2025-05-07 14:53:15,978 basehttp 21928 16156 "GET /sample/get-referrals/be562fba-ecfb-48a0-b9b5-501db71ad8d4/?status=All&search=&page_size=5&received=true HTTP/1.1" 200 42
INFO 2025-05-07 14:59:11,442 basehttp 21928 13616 "GET /sample/notifications/be562fba-ecfb-48a0-b9b5-501db71ad8d4/ HTTP/1.1" 200 2
INFO 2025-05-07 14:59:11,470 views 21928 18220 Referral list view | User ID: 3 | Facility ID: be562fba-ecfb-48a0-b9b5-501db71ad8d4 | Params: received=True, sent=False, status=All, from=None, to=None, search=, is_archived=False, drafts=None
INFO 2025-05-07 14:59:11,471 basehttp 21928 36740 "GET /sample/get-sample-counts-for-facility/be562fba-ecfb-48a0-b9b5-501db71ad8d4/ HTTP/1.1" 200 165
DEBUG 2025-05-07 14:59:11,473 views 21928 18220 Applying 'received' filter | Facility ID: be562fba-ecfb-48a0-b9b5-501db71ad8d4
INFO 2025-05-07 14:59:11,476 views 21928 18220 Referral queryset prepared | User ID: 3 | Facility ID: be562fba-ecfb-48a0-b9b5-501db71ad8d4 | Queryset count: 0
INFO 2025-05-07 14:59:11,479 basehttp 21928 18220 "GET /sample/get-referrals/be562fba-ecfb-48a0-b9b5-501db71ad8d4/?status=All&search=&page_size=5&received=true HTTP/1.1" 200 42
INFO 2025-05-07 17:02:14,879 basehttp 21928 35124 "GET /sample/notifications/be562fba-ecfb-48a0-b9b5-501db71ad8d4/ HTTP/1.1" 200 2
INFO 2025-05-07 17:02:14,896 basehttp 21928 18680 "GET /sample/get-sample-counts-for-facility/be562fba-ecfb-48a0-b9b5-501db71ad8d4/ HTTP/1.1" 200 165
INFO 2025-05-07 17:02:14,897 views 21928 16724 Referral list view | User ID: 3 | Facility ID: be562fba-ecfb-48a0-b9b5-501db71ad8d4 | Params: received=True, sent=False, status=All, from=None, to=None, search=, is_archived=False, drafts=None
DEBUG 2025-05-07 17:02:14,899 views 21928 16724 Applying 'received' filter | Facility ID: be562fba-ecfb-48a0-b9b5-501db71ad8d4
INFO 2025-05-07 17:02:14,902 views 21928 16724 Referral queryset prepared | User ID: 3 | Facility ID: be562fba-ecfb-48a0-b9b5-501db71ad8d4 | Queryset count: 0
INFO 2025-05-07 17:02:14,907 basehttp 21928 16724 "GET /sample/get-referrals/be562fba-ecfb-48a0-b9b5-501db71ad8d4/?status=All&search=&page_size=5&received=true HTTP/1.1" 200 42
INFO 2025-05-07 17:42:57,225 views 21928 16756 Referral list view | User ID: 3 | Facility ID: be562fba-ecfb-48a0-b9b5-501db71ad8d4 | Params: received=True, sent=False, status=All, from=None, to=None, search=, is_archived=False, drafts=None
DEBUG 2025-05-07 17:42:57,229 views 21928 16756 Applying 'received' filter | Facility ID: be562fba-ecfb-48a0-b9b5-501db71ad8d4
INFO 2025-05-07 17:42:57,234 basehttp 21928 36836 "GET /sample/notifications/be562fba-ecfb-48a0-b9b5-501db71ad8d4/ HTTP/1.1" 200 2
INFO 2025-05-07 17:42:57,236 views 21928 16756 Referral queryset prepared | User ID: 3 | Facility ID: be562fba-ecfb-48a0-b9b5-501db71ad8d4 | Queryset count: 0
INFO 2025-05-07 17:42:57,241 basehttp 21928 20924 "GET /sample/get-sample-counts-for-facility/be562fba-ecfb-48a0-b9b5-501db71ad8d4/ HTTP/1.1" 200 165
INFO 2025-05-07 17:42:57,244 basehttp 21928 16756 "GET /sample/get-referrals/be562fba-ecfb-48a0-b9b5-501db71ad8d4/?status=All&search=&page_size=5&received=true HTTP/1.1" 200 42
INFO 2025-05-07 17:45:18,585 autoreload 21928 30508 C:\Users\hashi\Desktop\tim\labconnect\labs\serializers.py changed, reloading.
INFO 2025-05-07 17:45:54,428 autoreload 11780 40128 Watching for file changes with StatReloader
INFO 2025-05-07 17:50:48,767 autoreload 11780 40128 C:\Users\hashi\Desktop\tim\labconnect\labs\serializers.py changed, reloading.
INFO 2025-05-07 17:50:52,506 autoreload 34540 24608 Watching for file changes with StatReloader
INFO 2025-05-07 17:50:56,240 autoreload 34540 24608 C:\Users\hashi\Desktop\tim\labconnect\labs\serializers.py changed, reloading.
INFO 2025-05-07 17:50:58,335 autoreload 33736 26428 Watching for file changes with StatReloader
INFO 2025-05-07 17:51:08,955 autoreload 33736 26428 C:\Users\hashi\Desktop\tim\labconnect\labs\serializers.py changed, reloading.
INFO 2025-05-07 17:51:11,493 autoreload 3140 22224 Watching for file changes with StatReloader
INFO 2025-05-07 17:51:32,010 autoreload 3140 22224 C:\Users\hashi\Desktop\tim\labconnect\labs\serializers.py changed, reloading.
INFO 2025-05-07 17:51:34,211 autoreload 17916 21816 Watching for file changes with StatReloader
INFO 2025-05-07 17:51:36,122 autoreload 17916 21816 C:\Users\hashi\Desktop\tim\labconnect\labs\serializers.py changed, reloading.
INFO 2025-05-07 17:51:37,963 autoreload 9232 1496 Watching for file changes with StatReloader
INFO 2025-05-07 17:52:29,040 autoreload 9232 1496 C:\Users\hashi\Desktop\tim\labconnect\labs\serializers.py changed, reloading.
INFO 2025-05-07 17:52:30,794 autoreload 38492 256 Watching for file changes with StatReloader
INFO 2025-05-07 17:52:33,030 autoreload 38492 256 C:\Users\hashi\Desktop\tim\labconnect\labs\serializers.py changed, reloading.
INFO 2025-05-07 17:52:35,090 autoreload 7976 12508 Watching for file changes with StatReloader
INFO 2025-05-07 17:52:37,763 autoreload 7976 12508 C:\Users\hashi\Desktop\tim\labconnect\labs\serializers.py changed, reloading.
INFO 2025-05-07 17:52:39,684 autoreload 1692 6296 Watching for file changes with StatReloader
INFO 2025-05-07 17:52:46,616 autoreload 1692 6296 C:\Users\hashi\Desktop\tim\labconnect\labs\serializers.py changed, reloading.
INFO 2025-05-07 17:52:48,675 autoreload 38612 29516 Watching for file changes with StatReloader
INFO 2025-05-07 17:53:07,673 autoreload 38612 29516 C:\Users\hashi\Desktop\tim\labconnect\labs\serializers.py changed, reloading.
INFO 2025-05-07 17:53:09,804 autoreload 32240 29476 Watching for file changes with StatReloader
